# JRE version: Java(TM) SE Runtime Environment (21.0.10+8) (build 21.0.10+8-LTS-217)
# Java VM: Java HotSpot(TM) 64-Bit Server VM (21.0.10+8-LTS-217, mixed mode, emulated-client, sharing, tiered, compressed oops, compressed class ptrs, g1 gc, windows-amd64)
GC Precious Log:
 CardTable entry size: 512
 Card Set container configuration: InlinePtr #cards 5 size 8 Array Of Cards #cards 12 size 40 Howl #buckets 4 coarsen threshold 1843 Howl Bitmap #cards 512 size 80 coarsen threshold 460 Card regions per heap region 1 cards per card region 2048
 CPUs: 12 total, 12 available
 Memory: 7528M
 Large Page Support: Disabled
 NUMA Support: Disabled
 Compressed Oops: Enabled (32-bit)
 Heap Region Size: 1M
 Heap Min Capacity: 8M
 Heap Initial Capacity: 118M
 Heap Max Capacity: 1884M
 Pre-touch: Disabled
 Parallel Workers: 10
 Concurrent Workers: 3
 Concurrent Refinement Workers: 10
 Periodic GC: Disabled
Heap:
 garbage-first heap   total 61440K, used 28692K [0x000000008a400000, 0x0000000100000000)
  region size 1024K, 4 young (4096K), 4 survivors (4096K)
 Metaspace       used 57332K, committed 57984K, reserved 1114112K
  class space    used 7723K, committed 8000K, reserved 1048576K
GC Heap History (20 events):
Event: 2.251 GC heap after
{Heap after GC invocations=3 (full 0):
 garbage-first heap   total 120832K, used 12802K [0x000000008a400000, 0x0000000100000000)
  region size 1024K, 4 young (4096K), 4 survivors (4096K)
 Metaspace       used 18783K, committed 19200K, reserved 1114112K
  class space    used 2243K, committed 2432K, reserved 1048576K
}
Event: 2.417 GC heap before
{Heap before GC invocations=4 (full 0):
 garbage-first heap   total 51200K, used 39426K [0x000000008a400000, 0x0000000100000000)
  region size 1024K, 30 young (30720K), 4 survivors (4096K)
 Metaspace       used 23715K, committed 24128K, reserved 1114112K
  class space    used 2877K, committed 3072K, reserved 1048576K
}
Event: 2.422 GC heap after
{Heap after GC invocations=5 (full 0):
 garbage-first heap   total 51200K, used 14442K [0x000000008a400000, 0x0000000100000000)
  region size 1024K, 3 young (3072K), 3 survivors (3072K)
 Metaspace       used 23715K, committed 24128K, reserved 1114112K
  class space    used 2877K, committed 3072K, reserved 1048576K
}
Event: 2.582 GC heap before
{Heap before GC invocations=5 (full 0):
 garbage-first heap   total 51200K, used 39018K [0x000000008a400000, 0x0000000100000000)
  region size 1024K, 27 young (27648K), 3 survivors (3072K)
 Metaspace       used 26931K, committed 27392K, reserved 1114112K
  class space    used 3331K, committed 3520K, reserved 1048576K
}
Event: 2.585 GC heap after
{Heap after GC invocations=6 (full 0):
 garbage-first heap   total 51200K, used 15972K [0x000000008a400000, 0x0000000100000000)
  region size 1024K, 4 young (4096K), 4 survivors (4096K)
 Metaspace       used 26931K, committed 27392K, reserved 1114112K
  class space    used 3331K, committed 3520K, reserved 1048576K
}
Event: 2.749 GC heap before
{Heap before GC invocations=6 (full 0):
 garbage-first heap   total 51200K, used 40548K [0x000000008a400000, 0x0000000100000000)
  region size 1024K, 28 young (28672K), 4 survivors (4096K)
 Metaspace       used 29430K, committed 29888K, reserved 1114112K
  class space    used 3709K, committed 3904K, reserved 1048576K
}
Event: 2.754 GC heap after
{Heap after GC invocations=7 (full 0):
 garbage-first heap   total 51200K, used 17900K [0x000000008a400000, 0x0000000100000000)
  region size 1024K, 4 young (4096K), 4 survivors (4096K)
 Metaspace       used 29430K, committed 29888K, reserved 1114112K
  class space    used 3709K, committed 3904K, reserved 1048576K
}
Event: 2.969 GC heap before
{Heap before GC invocations=7 (full 0):
 garbage-first heap   total 51200K, used 35308K [0x000000008a400000, 0x0000000100000000)
  region size 1024K, 22 young (22528K), 4 survivors (4096K)
 Metaspace       used 31681K, committed 32128K, reserved 1114112K
  class space    used 4022K, committed 4224K, reserved 1048576K
}
Event: 2.975 GC heap after
{Heap after GC invocations=8 (full 0):
 garbage-first heap   total 61440K, used 19655K [0x000000008a400000, 0x0000000100000000)
  region size 1024K, 2 young (2048K), 2 survivors (2048K)
 Metaspace       used 31681K, committed 32128K, reserved 1114112K
  class space    used 4022K, committed 4224K, reserved 1048576K
}
Event: 3.361 GC heap before
{Heap before GC invocations=9 (full 0):
 garbage-first heap   total 61440K, used 50375K [0x000000008a400000, 0x0000000100000000)
  region size 1024K, 33 young (33792K), 2 survivors (2048K)
 Metaspace       used 35791K, committed 36352K, reserved 1114112K
  class space    used 4655K, committed 4928K, reserved 1048576K
}
Event: 3.366 GC heap after
{Heap after GC invocations=10 (full 0):
 garbage-first heap   total 61440K, used 22030K [0x000000008a400000, 0x0000000100000000)
  region size 1024K, 4 young (4096K), 4 survivors (4096K)
 Metaspace       used 35791K, committed 36352K, reserved 1114112K
  class space    used 4655K, committed 4928K, reserved 1048576K
}
Event: 3.744 GC heap before
{Heap before GC invocations=10 (full 0):
 garbage-first heap   total 61440K, used 51726K [0x000000008a400000, 0x0000000100000000)
  region size 1024K, 33 young (33792K), 4 survivors (4096K)
 Metaspace       used 39841K, committed 40448K, reserved 1114112K
  class space    used 5189K, committed 5440K, reserved 1048576K
}
Event: 3.747 GC heap after
{Heap after GC invocations=11 (full 0):
 garbage-first heap   total 61440K, used 23658K [0x000000008a400000, 0x0000000100000000)
  region size 1024K, 5 young (5120K), 5 survivors (5120K)
 Metaspace       used 39841K, committed 40448K, reserved 1114112K
  class space    used 5189K, committed 5440K, reserved 1048576K
}
Event: 4.033 GC heap before
{Heap before GC invocations=11 (full 0):
 garbage-first heap   total 61440K, used 51306K [0x000000008a400000, 0x0000000100000000)
  region size 1024K, 33 young (33792K), 5 survivors (5120K)
 Metaspace       used 44202K, committed 44928K, reserved 1114112K
  class space    used 6008K, committed 6336K, reserved 1048576K
}
Event: 4.036 GC heap after
{Heap after GC invocations=12 (full 0):
 garbage-first heap   total 61440K, used 25357K [0x000000008a400000, 0x0000000100000000)
  region size 1024K, 4 young (4096K), 4 survivors (4096K)
 Metaspace       used 44202K, committed 44928K, reserved 1114112K
  class space    used 6008K, committed 6336K, reserved 1048576K
}
Event: 4.336 GC heap before
{Heap before GC invocations=12 (full 0):
 garbage-first heap   total 61440K, used 53005K [0x000000008a400000, 0x0000000100000000)
  region size 1024K, 31 young (31744K), 4 survivors (4096K)
 Metaspace       used 48628K, committed 49280K, reserved 1114112K
  class space    used 6681K, committed 6976K, reserved 1048576K
}
Event: 4.339 GC heap after
{Heap after GC invocations=13 (full 0):
 garbage-first heap   total 61440K, used 26579K [0x000000008a400000, 0x0000000100000000)
  region size 1024K, 3 young (3072K), 3 survivors (3072K)
 Metaspace       used 48628K, committed 49280K, reserved 1114112K
  class space    used 6681K, committed 6976K, reserved 1048576K
}
Event: 4.695 GC heap before
{Heap before GC invocations=13 (full 0):
 garbage-first heap   total 61440K, used 46035K [0x000000008a400000, 0x0000000100000000)
  region size 1024K, 24 young (24576K), 3 survivors (3072K)
 Metaspace       used 53140K, committed 53760K, reserved 1114112K
  class space    used 7237K, committed 7552K, reserved 1048576K
}
Event: 4.698 GC heap after
{Heap after GC invocations=14 (full 0):
 garbage-first heap   total 61440K, used 27620K [0x000000008a400000, 0x0000000100000000)
  region size 1024K, 3 young (3072K), 3 survivors (3072K)
 Metaspace       used 53140K, committed 53760K, reserved 1114112K
  class space    used 7237K, committed 7552K, reserved 1048576K
}
Event: 6.086 GC heap before
{Heap before GC invocations=15 (full 0):
 garbage-first heap   total 61440K, used 54244K [0x000000008a400000, 0x0000000100000000)
  region size 1024K, 29 young (29696K), 3 survivors (3072K)
 Metaspace       used 57332K, committed 57984K, reserved 1114112K
  class space    used 7723K, committed 8000K, reserved 1048576K
}

